<?xml version="1.0" encoding="UTF-8"?>
<testsuite xmlns:xsi="http://www.w3.org/2001/XMLSchema-instance" xsi:noNamespaceSchemaLocation="https://maven.apache.org/surefire/maven-surefire-plugin/xsd/surefire-test-report.xsd" name="org.cap.apps.studentbootjpa.StudentjpamsApplicationTests" time="1.455" tests="1" errors="1" skipped="0" failures="0">
  <properties>
[...]
</properties>
  <testcase name="org.cap.apps.studentbootjpa.StudentjpamsApplicationTests" classname="org.cap.apps.studentbootjpa.StudentjpamsApplicationTests" time="1.453">
    <error message="Unable to find a @SpringBootConfiguration, you need to use @ContextConfiguration or @SpringBootTest(classes=...) with your test" type="java.lang.IllegalStateException">java.lang.IllegalStateException: Unable to find a @SpringBootConfiguration, you need to use @ContextConfiguration or @SpringBootTest(classes=...) with your test
</error>
    <system-out><![CDATA[09:23:46.913 [main] DEBUG org.springframework.test.context.BootstrapUtils - Instantiating CacheAwareContextLoaderDelegate from class [org.springframework.test.context.cache.DefaultCacheAwareContextLoaderDelegate]
09:23:46.948 [main] DEBUG org.springframework.test.context.BootstrapUtils - Instantiating BootstrapContext using constructor [public org.springframework.test.context.support.DefaultBootstrapContext(java.lang.Class,org.springframework.test.context.CacheAwareContextLoaderDelegate)]
09:23:47.015 [main] DEBUG org.springframework.test.context.BootstrapUtils - Instantiating TestContextBootstrapper for test class [org.cap.apps.studentbootjpa.StudentjpamsApplicationTests] from class [org.springframework.boot.test.context.SpringBootTestContextBootstrapper]
09:23:47.048 [main] INFO org.springframework.boot.test.context.SpringBootTestContextBootstrapper - Neither @ContextConfiguration nor @ContextHierarchy found for test class [org.cap.apps.studentbootjpa.StudentjpamsApplicationTests], using SpringBootContextLoader
09:23:47.059 [main] DEBUG org.springframework.test.context.support.AbstractContextLoader - Did not detect default resource location for test class [org.cap.apps.studentbootjpa.StudentjpamsApplicationTests]: class path resource [org/cap/apps/studentbootjpa/StudentjpamsApplicationTests-context.xml] does not exist
09:23:47.060 [main] DEBUG org.springframework.test.context.support.AbstractContextLoader - Did not detect default resource location for test class [org.cap.apps.studentbootjpa.StudentjpamsApplicationTests]: class path resource [org/cap/apps/studentbootjpa/StudentjpamsApplicationTestsContext.groovy] does not exist
09:23:47.060 [main] INFO org.springframework.test.context.support.AbstractContextLoader - Could not detect default resource locations for test class [org.cap.apps.studentbootjpa.StudentjpamsApplicationTests]: no resource found for suffixes {-context.xml, Context.groovy}.
09:23:47.062 [main] INFO org.springframework.test.context.support.AnnotationConfigContextLoaderUtils - Could not detect default configuration classes for test class [org.cap.apps.studentbootjpa.StudentjpamsApplicationTests]: StudentjpamsApplicationTests does not declare any static, non-private, non-final, nested classes annotated with @Configuration.
09:23:47.168 [main] DEBUG org.springframework.test.context.support.ActiveProfilesUtils - Could not find an 'annotation declaring class' for annotation type [org.springframework.test.context.ActiveProfiles] and class [org.cap.apps.studentbootjpa.StudentjpamsApplicationTests]
09:23:47.453 [main] DEBUG org.springframework.test.context.BootstrapUtils - Instantiating CacheAwareContextLoaderDelegate from class [org.springframework.test.context.cache.DefaultCacheAwareContextLoaderDelegate]
09:23:47.454 [main] DEBUG org.springframework.test.context.BootstrapUtils - Instantiating BootstrapContext using constructor [public org.springframework.test.context.support.DefaultBootstrapContext(java.lang.Class,org.springframework.test.context.CacheAwareContextLoaderDelegate)]
09:23:47.456 [main] DEBUG org.springframework.test.context.BootstrapUtils - Instantiating TestContextBootstrapper for test class [org.cap.apps.studentbootjpa.StudentjpamsApplicationTests] from class [org.springframework.boot.test.context.SpringBootTestContextBootstrapper]
09:23:47.458 [main] INFO org.springframework.boot.test.context.SpringBootTestContextBootstrapper - Neither @ContextConfiguration nor @ContextHierarchy found for test class [org.cap.apps.studentbootjpa.StudentjpamsApplicationTests], using SpringBootContextLoader
09:23:47.459 [main] DEBUG org.springframework.test.context.support.AbstractContextLoader - Did not detect default resource location for test class [org.cap.apps.studentbootjpa.StudentjpamsApplicationTests]: class path resource [org/cap/apps/studentbootjpa/StudentjpamsApplicationTests-context.xml] does not exist
09:23:47.460 [main] DEBUG org.springframework.test.context.support.AbstractContextLoader - Did not detect default resource location for test class [org.cap.apps.studentbootjpa.StudentjpamsApplicationTests]: class path resource [org/cap/apps/studentbootjpa/StudentjpamsApplicationTestsContext.groovy] does not exist
09:23:47.460 [main] INFO org.springframework.test.context.support.AbstractContextLoader - Could not detect default resource locations for test class [org.cap.apps.studentbootjpa.StudentjpamsApplicationTests]: no resource found for suffixes {-context.xml, Context.groovy}.
09:23:47.460 [main] INFO org.springframework.test.context.support.AnnotationConfigContextLoaderUtils - Could not detect default configuration classes for test class [org.cap.apps.studentbootjpa.StudentjpamsApplicationTests]: StudentjpamsApplicationTests does not declare any static, non-private, non-final, nested classes annotated with @Configuration.
09:23:47.463 [main] DEBUG org.springframework.test.context.support.ActiveProfilesUtils - Could not find an 'annotation declaring class' for annotation type [org.springframework.test.context.ActiveProfiles] and class [org.cap.apps.studentbootjpa.StudentjpamsApplicationTests]
09:23:47.604 [main] DEBUG org.springframework.test.context.BootstrapUtils - Instantiating CacheAwareContextLoaderDelegate from class [org.springframework.test.context.cache.DefaultCacheAwareContextLoaderDelegate]
09:23:47.604 [main] DEBUG org.springframework.test.context.BootstrapUtils - Instantiating BootstrapContext using constructor [public org.springframework.test.context.support.DefaultBootstrapContext(java.lang.Class,org.springframework.test.context.CacheAwareContextLoaderDelegate)]
09:23:47.605 [main] DEBUG org.springframework.test.context.BootstrapUtils - Instantiating TestContextBootstrapper for test class [org.cap.apps.studentbootjpa.StudentjpamsApplicationTests] from class [org.springframework.boot.test.context.SpringBootTestContextBootstrapper]
09:23:47.607 [main] INFO org.springframework.boot.test.context.SpringBootTestContextBootstrapper - Neither @ContextConfiguration nor @ContextHierarchy found for test class [org.cap.apps.studentbootjpa.StudentjpamsApplicationTests], using SpringBootContextLoader
09:23:47.608 [main] DEBUG org.springframework.test.context.support.AbstractContextLoader - Did not detect default resource location for test class [org.cap.apps.studentbootjpa.StudentjpamsApplicationTests]: class path resource [org/cap/apps/studentbootjpa/StudentjpamsApplicationTests-context.xml] does not exist
09:23:47.609 [main] DEBUG org.springframework.test.context.support.AbstractContextLoader - Did not detect default resource location for test class [org.cap.apps.studentbootjpa.StudentjpamsApplicationTests]: class path resource [org/cap/apps/studentbootjpa/StudentjpamsApplicationTestsContext.groovy] does not exist
09:23:47.609 [main] INFO org.springframework.test.context.support.AbstractContextLoader - Could not detect default resource locations for test class [org.cap.apps.studentbootjpa.StudentjpamsApplicationTests]: no resource found for suffixes {-context.xml, Context.groovy}.
09:23:47.610 [main] INFO org.springframework.test.context.support.AnnotationConfigContextLoaderUtils - Could not detect default configuration classes for test class [org.cap.apps.studentbootjpa.StudentjpamsApplicationTests]: StudentjpamsApplicationTests does not declare any static, non-private, non-final, nested classes annotated with @Configuration.
09:23:47.612 [main] DEBUG org.springframework.test.context.support.ActiveProfilesUtils - Could not find an 'annotation declaring class' for annotation type [org.springframework.test.context.ActiveProfiles] and class [org.cap.apps.studentbootjpa.StudentjpamsApplicationTests]
]]></system-out>
  </testcase>
</testsuite>